<?xml version="1.0"?>
<!DOCTYPE coverage SYSTEM "http://cobertura.sourceforge.net/xml/coverage-04.dtd">

<coverage line-rate="0.1" branch-rate="1.0" lines-covered="1" lines-valid="10" branches-covered="0" branches-valid="0" complexity="1.0" version="2.0.3" timestamp="1393457717895">
	<sources>
		<source>/Users/andrew/Desktop/src/hello-thrift/src/main/java</source>
		<source>--source</source>
		<source>/Users/andrew/Desktop/src/hello-thrift/target/generated-sources/gen-java</source>
	</sources>
	<packages>
		<package name="us.yellosoft.hello" line-rate="0.1" branch-rate="1.0" complexity="1.0">
			<classes>
				<class name="us.yellosoft.hello.HeadphonesAdvertiser" filename="us/yellosoft/hello/HeadphonesAdvertiser.java" line-rate="0.1" branch-rate="1.0" complexity="1.0">
					<methods>
						<method name="&lt;init&gt;" signature="()V" line-rate="0.0" branch-rate="1.0">
							<lines>
								<line number="5" hits="0" branch="false"/>
							</lines>
						</method>
						<method name="advertise" signature="(Lus/yellosoft/hello/thrift/Headphones;)Ljava/lang/String;" line-rate="1.0" branch-rate="1.0">
							<lines>
								<line number="7" hits="1" branch="false"/>
							</lines>
						</method>
						<method name="main" signature="([Ljava/lang/String;)V" line-rate="0.0" branch-rate="1.0">
							<lines>
								<line number="15" hits="0" branch="false"/>
								<line number="16" hits="0" branch="false"/>
								<line number="17" hits="0" branch="false"/>
								<line number="18" hits="0" branch="false"/>
								<line number="19" hits="0" branch="false"/>
								<line number="20" hits="0" branch="false"/>
								<line number="22" hits="0" branch="false"/>
								<line number="23" hits="0" branch="false"/>
							</lines>
						</method>
					</methods>
					<lines>
						<line number="5" hits="0" branch="false"/>
						<line number="7" hits="1" branch="false"/>
						<line number="15" hits="0" branch="false"/>
						<line number="16" hits="0" branch="false"/>
						<line number="17" hits="0" branch="false"/>
						<line number="18" hits="0" branch="false"/>
						<line number="19" hits="0" branch="false"/>
						<line number="20" hits="0" branch="false"/>
						<line number="22" hits="0" branch="false"/>
						<line number="23" hits="0" branch="false"/>
					</lines>
				</class>
			</classes>
		</package>
	</packages>
</coverage>
